g1
16
check_static
0.00957295
0.0239971
0.00884722

0.00456775
0.0426133
0.00442241

0.00310856
0.0523755
0.00295819

0.00304939
0.0518081
0.00221938

0.00192529
0.0951714
0.00178446

0.00168651
0.0950745
0.00150365

0.00228339
0.0951886
0.00128924

0.00128203
0.0474615
0.00113038

0.00172584
0.0442936
0.00157406

0.00168208
0.0857241
0.00109395

0.0015776
0.0390675
0.0012693

0.00147138
0.0379859
0.0011522

0.00133307
0.0681756
0.00121608

0.00125613
0.0346844
0.0021111

0.00129821
0.0397852
0.00103482

0.00129627
0.0558442
0.00102536

check_dynamic

here 3  1 4 13
6.52196
6.42086
6.40161


here 13  13 2 3
3.36857
3.24724
3.29499


here 4  5 3 5
2.34336
2.31716
2.11708


here 3  2 7 1
2.06685
1.8573
1.57986


here 2  5 5 2
1.44987
1.37128
1.32651


here 2  7 1 3
1.20365
1.15528
1.13116


here 10  3 1 9
1.11604
1.03427
1.01362


here 6  5 1 1
0.910755
0.881425
0.872352


here 1  2 11 5
1.20135
0.868643
1.06187


here 1  9 5 15
1.07647
0.866248
1.23343


here 6  2 3 2
1.06115
0.849671
0.844249


here 1  4 8 9
1.01597
0.846675
0.911834


here 3  1 2 5
1.04365
0.840831
0.894784


here 6  11 1 4
1.00204
0.847766
0.942508


here 7  4 8 4
0.918698
0.825786
0.857615


here 1  7 2 6
0.862806
0.828744
0.84286

check_quided
17.0267
16.9238
16.9584

12.6113
8.58519
12.6216

9.54943
5.7809
9.56731

7.37576
4.35493
7.05672

6.62178
3.61541
6.7011

5.69789
3.13857
6.03083

4.99157
2.64626
4.90569

4.04107
2.3996
3.97647

4.15622
2.27336
4.32429

3.89678
2.32054
4.69648

3.22158
2.2921
3.4565

3.00156
2.2796
3.37383

3.30025
2.30929
3.5262

3.37981
2.43177
3.80784

3.20082
2.16907
3.44112

2.73173
2.14582
2.65871

