g3
16
check_static
1.60711
4.1793
1.60959

0.853674
15.3865
0.898324

0.593571
16.1681
0.556387

0.442513
8.294
0.404142

0.364938
17.2942
0.3738

0.329658
18.0432
0.253196

0.245638
18.5627
0.230125

0.320955
30.7803
0.191096

0.319526
7.84302
0.258907

0.305424
15.7394
0.233395

0.278227
6.82005
0.217928

0.254355
6.56702
0.20574

0.23497
12.3315
0.195297

0.218477
5.82024
0.188068

0.205431
5.55787
0.183488

0.191995
10.0548
0.175521

check_dynamic
36.1512
38.5436
36.5592

36.791
46.7951
36.643

26.9445
33.1488
slurmstepd: error: *** JOB 29344 ON g3 CANCELLED AT 2021-12-14T04:35:32 ***
