g9
16
check_dynamic

here 2  4 3 5
2.17659
2.16776
2.16685


here 1  3 5 1
1.1389
1.10449
1.11751


here 2  4 10 4
0.767584
0.747825
0.740882


here 4  2 1 2
0.601072
0.62195
0.561946


here 2  3 6 3
0.464167
0.450196
0.460367


here 3  1 3 5
0.432033
0.368852
0.367675


here 2  1 1 1
0.352837
0.327856
0.326854


here 2  3 1 1
0.452886
0.290127
0.292655


here 1  3 5 2
0.447222
0.273253
0.350261


here 4  4 6 1
0.450968
0.281153
0.306732


here 2  1 3 2
0.401446
0.269622
0.313966


here 4  2 1 1
0.367481
0.271503
0.302797


here 1  9 1 2
0.358389
0.278264
0.300161


here 5  3 2 6
0.332298
0.266287
0.271439


here 4  1 4 1
0.311093
0.263948
0.277043


here 8  2 6 14
0.29252
0.271134
0.271244

