g1
16
check_static
0.16131
0.443201
0.160918

0.0806671
1.60586
0.0807143

0.0538858
1.62011
0.0541543

0.040438
0.822983
0.0379842

0.0333128
1.7885
0.0311288

0.0269038
1.79861
0.0273155

0.0239174
1.85076
0.0217326

0.0310126
0.849784
0.0202676

0.0298381
0.809969
0.0256348

0.029745
1.55858
0.0242403

0.0269668
0.713528
0.0245382

0.0247291
0.691946
0.0219472

0.0228393
1.23758
0.017838

0.0206181
0.576235
0.0191979

0.0195762
0.6991
0.0184494

0.0204188
1.01009
0.0179393

check_dynamic
11.5747
11.8734
11.6814

7.51119
8.23485
7.41335

5.25227
5.74716
5.09787

4.22757
4.7092
4.19767

3.75053
4.11517
3.73279

3.45442
3.73054
3.37247

3.1638
3.48851
3.15131

3.05732
3.29473
3.01502

3.3436
3.19689
3.25014

3.13319
3.07313
3.08646

2.92717
2.95106
2.92954

2.8433
2.87983
2.88062

2.90087
2.79546
2.61655

2.77667
2.81708
2.67546

2.631
2.63286
2.50264

2.56376
2.68921
2.52096

check_guided
16.3956
16.6624
15.8581

12.225
8.52025
11.7639

9.13042
5.69352
8.84749

7.12815
4.36185
7.00779

6.18446
3.61669
6.48617

5.6132
3.09433
5.5332

4.62639
2.6945
4.57208

4.14149
2.50354
3.92334

4.04472
2.41138
4.23435

3.90442
2.31487
4.31478

3.24054
2.34227
3.43482

3.18161
2.33625
3.49955

3.43319
2.2312
3.41043

3.30232
2.2235
3.56353

3.65379
2.16585
3.28691

2.49818
2.13359
2.55336

