g1
16
check_dynamic
here 1  2 13 1
16.753
16.734
16.7326

here 5  15 3 1
8.81295
8.58652
8.50492

here 2  5 1 1
5.91461
5.69454
5.57299

here 2  2 4 21
4.44388
4.33087
4.22577

here 26  2 19 3
3.67903
3.6457
3.56975

here 3  3 8 4
3.10465
3.00709
2.94719

here 8  2 17 12
2.66261
2.58453
2.55184

here 2  2 10 4
2.49448
2.27574
2.26322

here 5  2 1 1
3.08409
2.32768
2.26549

here 18  17 2 20
2.70127
2.26937
2.66474

here 1  4 5 11
2.6991
2.19565
2.4798

here 2  2 1 7
2.35666
2.22373
2.36585

here 10  6 2 3
2.52133
2.163
2.28843

here 4  2 8 9
2.3648
2.20802
2.25508

here 4  9 6 3
2.31455
2.1652
2.1586

here 4  1 12 1
2.21982
2.13373
2.07742

