g1
16
check_dynamic

here 9  1 5 2
6.44893
6.4541
6.42785


here 1  1 12 2
3.36483
3.34421
3.2398


here 1  1 7 1
2.31086
2.29848
2.06906


here 3  1 3 3
1.75205
1.65979
1.56976


here 3  6 3 3
1.38966
1.34975
1.31923


here 8  4 3 3
1.21124
1.16318
1.16106


here 13  1 2 5
1.08844
0.9971
0.998885


here 11  1 2 4
1.02117
0.8827
0.882831


here 1  4 3 7
1.24347
0.867803
0.87416


here 8  2 1 2
1.16304
0.870992
1.10848


here 4  7 8 12
1.09161
0.852351
0.961041


here 3  13 5 3
0.966625
0.856818
0.973057


here 1  1 5 1
0.936299
0.83557
0.858213


here 3  5 2 3
0.934827
0.836093
0.829498


here 9  1 3 1
0.928453
0.835511
0.84024


here 5  4 9 1
0.874273
0.833028
0.831051

