g1
16
check_dynamic
here 1  1 3 7
16.9346
16.861
16.8624

here 13  3 2 3
8.60467
8.51982
8.52516

here 1  14 5 5
5.82584
5.71533
5.57434

here 3  3 2 4
4.43737
4.30119
4.19279

here 7  2 5 14
3.65717
3.54758
3.46127

here 4  6 7 8
3.16985
3.0286
2.96883

here 4  3 5 9
2.68481
2.60152
2.5489

here 3  4 8 2
2.43326
2.27524
2.26338

here 5  3 5 2
3.11447
2.3242
2.32256

here 6  19 1 4
2.79053
2.25639
2.77275

here 1  3 7 1
2.56154
2.27368
2.62313

here 2  2 7 3
2.39005
2.16729
2.34204

here 3  12 1 3
2.46519
2.20799
2.27694

here 7  1 4 5
2.31587
2.19884
2.15151

here 2  1 9 4
2.27922
2.14971
2.09537

here 21  8 14 4
2.20807
2.08843
2.08175

