g1
16
Reduction: 
0.161517
0.0806529
0.0538363
0.0405488
0.0535992
0.0446533
0.0423733
0.0371324
0.0330376
0.029764
0.0270444
0.0247228
0.0228628
0.0212271
0.0199617
0.0187958
Atomic: 
0.243918
1.23849
1.07641
1.10089
0.999995
1.06253
1.06672
1.04957
0.930449
0.917717
0.883685
0.887693
0.811364
0.787642
0.762029
0.738483
Clocks: 
0.457795
3.9563
4.23066
5.8167
6.21724
8.12159
9.75909
10.5997
11.63
11.9438
12.638
13.2126
14.0174
15.0738
15.5173
16.3088
Critical: 
0.374221
1.79315
2.47111
3.18584
3.34044
3.1049
4.15504
4.08918
4.37728
4.4072
4.43511
4.66259
4.99405
5.06603
5.32564
5.65664
